  Solution.c
\\mac\Home\Desktop\수업\C_Language\Program\Solution.c(60,9): warning C4477: 'printf' : 서식 문자열 '%d'에 'int' 형식의 인수가 필요하지만 variadic 인수 1의 형식이 'size_t'입니다.
  \\mac\Home\Desktop\수업\C_Language\Program\Solution.c(60,9):
  서식 문자열에서 '%zd'을(를) 사용하는 것이 좋습니다.
  
\\mac\Home\Desktop\수업\C_Language\Program\Solution.c(61,9): warning C4477: 'printf' : 서식 문자열 '%d'에 'int' 형식의 인수가 필요하지만 variadic 인수 1의 형식이 'size_t'입니다.
  \\mac\Home\Desktop\수업\C_Language\Program\Solution.c(61,9):
  서식 문자열에서 '%zd'을(를) 사용하는 것이 좋습니다.
  
\\mac\Home\Desktop\수업\C_Language\Program\Solution.c(62,9): warning C4477: 'printf' : 서식 문자열 '%d'에 'int' 형식의 인수가 필요하지만 variadic 인수 1의 형식이 'size_t'입니다.
  \\mac\Home\Desktop\수업\C_Language\Program\Solution.c(62,9):
  서식 문자열에서 '%zd'을(를) 사용하는 것이 좋습니다.
  
\\mac\Home\Desktop\수업\C_Language\Program\Solution.c(63,9): warning C4477: 'printf' : 서식 문자열 '%d'에 'int' 형식의 인수가 필요하지만 variadic 인수 1의 형식이 'size_t'입니다.
  \\mac\Home\Desktop\수업\C_Language\Program\Solution.c(63,9):
  서식 문자열에서 '%zd'을(를) 사용하는 것이 좋습니다.
  
\\mac\Home\Desktop\수업\C_Language\Program\Solution.c(64,9): warning C4477: 'printf' : 서식 문자열 '%d'에 'int' 형식의 인수가 필요하지만 variadic 인수 1의 형식이 'size_t'입니다.
  \\mac\Home\Desktop\수업\C_Language\Program\Solution.c(64,9):
  서식 문자열에서 '%zd'을(를) 사용하는 것이 좋습니다.
  
\\mac\Home\Desktop\수업\C_Language\Program\Solution.c(65,9): warning C4477: 'printf' : 서식 문자열 '%d'에 'int' 형식의 인수가 필요하지만 variadic 인수 1의 형식이 'size_t'입니다.
  \\mac\Home\Desktop\수업\C_Language\Program\Solution.c(65,9):
  서식 문자열에서 '%zd'을(를) 사용하는 것이 좋습니다.
  
\\mac\Home\Desktop\수업\C_Language\Program\Solution.c(66,9): warning C4477: 'printf' : 서식 문자열 '%d'에 'int' 형식의 인수가 필요하지만 variadic 인수 1의 형식이 'size_t'입니다.
  \\mac\Home\Desktop\수업\C_Language\Program\Solution.c(66,9):
  서식 문자열에서 '%zd'을(를) 사용하는 것이 좋습니다.
  
  Program.vcxproj -> \\Mac\Home\Desktop\수업\C_Language\Program\x64\Debug\Program.exe
